stdio    D         file_stdio.c:107  file_stdio_fopen                 [   0.00000] opening C:\Users\silva\source\repos\PI---Grupo-Austr-lia\PI---Grupo-Austr-lia\PI---Grupo-Austr-lia\PI-ALLEGRO\x64\Debug\allegro5.cfg r
system   D            wsystem.c:836  maybe_parent_dir                 [   0.00000] Also searching C:\Users\silva\source\repos\PI---Grupo-Austr-lia\PI---Grupo-Austr-lia\PI---Grupo-Austr-lia\PI-ALLEGRO\x64\
system   D            wsystem.c:891  _al_win_safe_load_library        [   0.00000] PathFindOnPath found: C:\WINDOWS\system32\shcore.dll
system   D            wsystem.c:797  load_library_at_path             [   0.00000] Calling LoadLibrary C:\WINDOWS\system32\shcore.dll
system   I            wsystem.c:800  load_library_at_path             [   0.00000] Loaded C:\WINDOWS\system32\shcore.dll
system   I             system.c:271  al_install_system                [   0.00000] Allegro version: 5.2.9
audio-dsound I           dsound.cpp:275  _dsound_open                     [   0.00407] Starting DirectSound...
audio-dsound D           dsound.cpp:288  _dsound_open                     [   0.03926] DirectSoundCreate8 succeeded
audio-dsound I           dsound.cpp:77   get_window                       [   0.03936] Using desktop window: 0000000000010010
audio    I              audio.c:391  do_install_audio                 [   0.04066] Using DirectSound driver
system   D            wsystem.c:836  maybe_parent_dir                 [   0.04108] Also searching C:\Users\silva\source\repos\PI---Grupo-Austr-lia\PI---Grupo-Austr-lia\PI---Grupo-Austr-lia\PI-ALLEGRO\x64\
system   D            wsystem.c:891  _al_win_safe_load_library        [   0.04140] PathFindOnPath found: C:\WINDOWS\system32\d3d9.dll
system   D            wsystem.c:797  load_library_at_path             [   0.04145] Calling LoadLibrary C:\WINDOWS\system32\d3d9.dll
system   I            wsystem.c:800  load_library_at_path             [   0.04402] Loaded C:\WINDOWS\system32\d3d9.dll
d3d      I         d3d_disp.cpp:679  d3d_init_display                 [   0.06781] Render-to-texture: 1
d3d      I         d3d_disp.cpp:1780 d3d_create_display_locked        [   0.06911] faux_fullscreen=0
d3d      D         d3d_disp.cpp:1781 d3d_create_display_locked        [   0.06923] al_display=0000029ED03057B0
d3d      D         d3d_disp.cpp:1782 d3d_create_display_locked        [   0.06929] al_display->vt=0000029ECE87F820
d3d      I d3d_display_formats.cpp:144  _al_d3d_generate_display_format_list [   0.07177] found 64 format combinations
display  D   display_settings.c:214  debug_display_settings           [   0.07187] color: 32 (rgba 8880), depth: 0, stencil: 0, acc: 0000, samples: 0/0
display  D   display_settings.c:529  _al_score_display_settings       [   0.07192] Score is : 897
display  D   display_settings.c:214  debug_display_settings           [   0.07195] color: 32 (rgba 8880), depth: 0, stencil: 0, acc: 0000, samples: 0/0
display  D   display_settings.c:529  _al_score_display_settings       [   0.07199] Score is : 897
display  D   display_settings.c:214  debug_display_settings           [   0.07202] color: 32 (rgba 8880), depth: 24, stencil: 8, acc: 0000, samples: 0/0
display  D   display_settings.c:529  _al_score_display_settings       [   0.07205] Score is : 897
display  D   display_settings.c:214  debug_display_settings           [   0.07208] color: 32 (rgba 8880), depth: 24, stencil: 8, acc: 0000, samples: 0/0
display  D   display_settings.c:529  _al_score_display_settings       [   0.07212] Score is : 897
display  D   display_settings.c:214  debug_display_settings           [   0.07215] color: 32 (rgba 8880), depth: 24, stencil: 0, acc: 0000, samples: 0/0
display  D   display_settings.c:529  _al_score_display_settings       [   0.07218] Score is : 897
display  D   display_settings.c:214  debug_display_settings           [   0.07220] color: 32 (rgba 8880), depth: 24, stencil: 0, acc: 0000, samples: 0/0
display  D   display_settings.c:529  _al_score_display_settings       [   0.07223] Score is : 897
display  D   display_settings.c:214  debug_display_settings           [   0.07226] color: 32 (rgba 8880), depth: 16, stencil: 0, acc: 0000, samples: 0/0
display  D   display_settings.c:529  _al_score_display_settings       [   0.07234] Score is : 897
display  D   display_settings.c:214  debug_display_settings           [   0.07238] color: 32 (rgba 8880), depth: 16, stencil: 0, acc: 0000, samples: 0/0
display  D   display_settings.c:529  _al_score_display_settings       [   0.07241] Score is : 897
display  D   display_settings.c:214  debug_display_settings           [   0.07243] color: 16 (rgba 5650), depth: 0, stencil: 0, acc: 0000, samples: 0/0
display  D   display_settings.c:529  _al_score_display_settings       [   0.07246] Score is : 897
display  D   display_settings.c:214  debug_display_settings           [   0.07249] color: 16 (rgba 5650), depth: 0, stencil: 0, acc: 0000, samples: 0/0
display  D   display_settings.c:529  _al_score_display_settings       [   0.07253] Score is : 897
display  D   display_settings.c:214  debug_display_settings           [   0.07256] color: 16 (rgba 5650), depth: 24, stencil: 8, acc: 0000, samples: 0/0
display  D   display_settings.c:529  _al_score_display_settings       [   0.07259] Score is : 897
display  D   display_settings.c:214  debug_display_settings           [   0.07262] color: 16 (rgba 5650), depth: 24, stencil: 8, acc: 0000, samples: 0/0
display  D   display_settings.c:529  _al_score_display_settings       [   0.07265] Score is : 897
display  D   display_settings.c:214  debug_display_settings           [   0.07268] color: 16 (rgba 5650), depth: 24, stencil: 0, acc: 0000, samples: 0/0
display  D   display_settings.c:529  _al_score_display_settings       [   0.07271] Score is : 897
display  D   display_settings.c:214  debug_display_settings           [   0.07273] color: 16 (rgba 5650), depth: 24, stencil: 0, acc: 0000, samples: 0/0
display  D   display_settings.c:529  _al_score_display_settings       [   0.07276] Score is : 897
display  D   display_settings.c:214  debug_display_settings           [   0.07279] color: 16 (rgba 5650), depth: 16, stencil: 0, acc: 0000, samples: 0/0
display  D   display_settings.c:529  _al_score_display_settings       [   0.07282] Score is : 897
display  D   display_settings.c:214  debug_display_settings           [   0.07285] color: 16 (rgba 5650), depth: 16, stencil: 0, acc: 0000, samples: 0/0
display  D   display_settings.c:529  _al_score_display_settings       [   0.07288] Score is : 897
display  D   display_settings.c:214  debug_display_settings           [   0.07290] color: 32 (rgba 8880), depth: 0, stencil: 0, acc: 0000, samples: 0/0
display  D   display_settings.c:400  _al_score_display_settings       [   0.07293] Single Buffer requirement not met.
display  D   display_settings.c:214  debug_display_settings           [   0.07296] color: 32 (rgba 8880), depth: 0, stencil: 0, acc: 0000, samples: 0/0
display  D   display_settings.c:400  _al_score_display_settings       [   0.07299] Single Buffer requirement not met.
display  D   display_settings.c:214  debug_display_settings           [   0.07302] color: 32 (rgba 8880), depth: 24, stencil: 8, acc: 0000, samples: 0/0
display  D   display_settings.c:400  _al_score_display_settings       [   0.07305] Single Buffer requirement not met.
display  D   display_settings.c:214  debug_display_settings           [   0.07308] color: 32 (rgba 8880), depth: 24, stencil: 8, acc: 0000, samples: 0/0
display  D   display_settings.c:400  _al_score_display_settings       [   0.07311] Single Buffer requirement not met.
display  D   display_settings.c:214  debug_display_settings           [   0.07313] color: 32 (rgba 8880), depth: 24, stencil: 0, acc: 0000, samples: 0/0
display  D   display_settings.c:400  _al_score_display_settings       [   0.07316] Single Buffer requirement not met.
display  D   display_settings.c:214  debug_display_settings           [   0.07319] color: 32 (rgba 8880), depth: 24, stencil: 0, acc: 0000, samples: 0/0
display  D   display_settings.c:400  _al_score_display_settings       [   0.07322] Single Buffer requirement not met.
display  D   display_settings.c:214  debug_display_settings           [   0.07325] color: 32 (rgba 8880), depth: 16, stencil: 0, acc: 0000, samples: 0/0
display  D   display_settings.c:400  _al_score_display_settings       [   0.07328] Single Buffer requirement not met.
display  D   display_settings.c:214  debug_display_settings           [   0.07331] color: 32 (rgba 8880), depth: 16, stencil: 0, acc: 0000, samples: 0/0
display  D   display_settings.c:400  _al_score_display_settings       [   0.07334] Single Buffer requirement not met.
display  D   display_settings.c:214  debug_display_settings           [   0.07337] color: 16 (rgba 5650), depth: 0, stencil: 0, acc: 0000, samples: 0/0
display  D   display_settings.c:400  _al_score_display_settings       [   0.07340] Single Buffer requirement not met.
display  D   display_settings.c:214  debug_display_settings           [   0.07343] color: 16 (rgba 5650), depth: 0, stencil: 0, acc: 0000, samples: 0/0
display  D   display_settings.c:400  _al_score_display_settings       [   0.07346] Single Buffer requirement not met.
display  D   display_settings.c:214  debug_display_settings           [   0.07348] color: 16 (rgba 5650), depth: 24, stencil: 8, acc: 0000, samples: 0/0
display  D   display_settings.c:400  _al_score_display_settings       [   0.07352] Single Buffer requirement not met.
display  D   display_settings.c:214  debug_display_settings           [   0.07354] color: 16 (rgba 5650), depth: 24, stencil: 8, acc: 0000, samples: 0/0
display  D   display_settings.c:400  _al_score_display_settings       [   0.07357] Single Buffer requirement not met.
display  D   display_settings.c:214  debug_display_settings           [   0.07360] color: 16 (rgba 5650), depth: 24, stencil: 0, acc: 0000, samples: 0/0
display  D   display_settings.c:400  _al_score_display_settings       [   0.07363] Single Buffer requirement not met.
display  D   display_settings.c:214  debug_display_settings           [   0.07366] color: 16 (rgba 5650), depth: 24, stencil: 0, acc: 0000, samples: 0/0
display  D   display_settings.c:400  _al_score_display_settings       [   0.07369] Single Buffer requirement not met.
display  D   display_settings.c:214  debug_display_settings           [   0.07372] color: 16 (rgba 5650), depth: 16, stencil: 0, acc: 0000, samples: 0/0
display  D   display_settings.c:400  _al_score_display_settings       [   0.07375] Single Buffer requirement not met.
display  D   display_settings.c:214  debug_display_settings           [   0.07377] color: 16 (rgba 5650), depth: 16, stencil: 0, acc: 0000, samples: 0/0
display  D   display_settings.c:400  _al_score_display_settings       [   0.07381] Single Buffer requirement not met.
display  D   display_settings.c:214  debug_display_settings           [   0.07383] color: 32 (rgba 8880), depth: 0, stencil: 0, acc: 0000, samples: 0/0
display  D   display_settings.c:529  _al_score_display_settings       [   0.07386] Score is : 769
display  D   display_settings.c:214  debug_display_settings           [   0.07389] color: 32 (rgba 8880), depth: 0, stencil: 0, acc: 0000, samples: 0/0
display  D   display_settings.c:529  _al_score_display_settings       [   0.07392] Score is : 769
display  D   display_settings.c:214  debug_display_settings           [   0.07394] color: 32 (rgba 8880), depth: 24, stencil: 8, acc: 0000, samples: 0/0
display  D   display_settings.c:529  _al_score_display_settings       [   0.07398] Score is : 769
display  D   display_settings.c:214  debug_display_settings           [   0.07400] color: 32 (rgba 8880), depth: 24, stencil: 8, acc: 0000, samples: 0/0
display  D   display_settings.c:529  _al_score_display_settings       [   0.07403] Score is : 769
display  D   display_settings.c:214  debug_display_settings           [   0.07406] color: 32 (rgba 8880), depth: 24, stencil: 0, acc: 0000, samples: 0/0
display  D   display_settings.c:529  _al_score_display_settings       [   0.07409] Score is : 769
display  D   display_settings.c:214  debug_display_settings           [   0.07412] color: 32 (rgba 8880), depth: 24, stencil: 0, acc: 0000, samples: 0/0
display  D   display_settings.c:529  _al_score_display_settings       [   0.07415] Score is : 769
display  D   display_settings.c:214  debug_display_settings           [   0.07417] color: 32 (rgba 8880), depth: 16, stencil: 0, acc: 0000, samples: 0/0
display  D   display_settings.c:529  _al_score_display_settings       [   0.07421] Score is : 769
display  D   display_settings.c:214  debug_display_settings           [   0.07423] color: 32 (rgba 8880), depth: 16, stencil: 0, acc: 0000, samples: 0/0
display  D   display_settings.c:529  _al_score_display_settings       [   0.07426] Score is : 769
display  D   display_settings.c:214  debug_display_settings           [   0.07429] color: 16 (rgba 5650), depth: 0, stencil: 0, acc: 0000, samples: 0/0
display  D   display_settings.c:529  _al_score_display_settings       [   0.07432] Score is : 769
display  D   display_settings.c:214  debug_display_settings           [   0.07434] color: 16 (rgba 5650), depth: 0, stencil: 0, acc: 0000, samples: 0/0
display  D   display_settings.c:529  _al_score_display_settings       [   0.07438] Score is : 769
display  D   display_settings.c:214  debug_display_settings           [   0.07441] color: 16 (rgba 5650), depth: 24, stencil: 8, acc: 0000, samples: 0/0
display  D   display_settings.c:529  _al_score_display_settings       [   0.07444] Score is : 769
display  D   display_settings.c:214  debug_display_settings           [   0.07447] color: 16 (rgba 5650), depth: 24, stencil: 8, acc: 0000, samples: 0/0
display  D   display_settings.c:529  _al_score_display_settings       [   0.07450] Score is : 769
display  D   display_settings.c:214  debug_display_settings           [   0.07453] color: 16 (rgba 5650), depth: 24, stencil: 0, acc: 0000, samples: 0/0
display  D   display_settings.c:529  _al_score_display_settings       [   0.07456] Score is : 769
display  D   display_settings.c:214  debug_display_settings           [   0.07458] color: 16 (rgba 5650), depth: 24, stencil: 0, acc: 0000, samples: 0/0
display  D   display_settings.c:529  _al_score_display_settings       [   0.07462] Score is : 769
display  D   display_settings.c:214  debug_display_settings           [   0.07464] color: 16 (rgba 5650), depth: 16, stencil: 0, acc: 0000, samples: 0/0
display  D   display_settings.c:529  _al_score_display_settings       [   0.07467] Score is : 769
display  D   display_settings.c:214  debug_display_settings           [   0.07470] color: 16 (rgba 5650), depth: 16, stencil: 0, acc: 0000, samples: 0/0
display  D   display_settings.c:529  _al_score_display_settings       [   0.07473] Score is : 769
display  D   display_settings.c:214  debug_display_settings           [   0.07476] color: 32 (rgba 8880), depth: 0, stencil: 0, acc: 0000, samples: 0/0
display  D   display_settings.c:400  _al_score_display_settings       [   0.07479] Single Buffer requirement not met.
display  D   display_settings.c:214  debug_display_settings           [   0.07481] color: 32 (rgba 8880), depth: 0, stencil: 0, acc: 0000, samples: 0/0
display  D   display_settings.c:400  _al_score_display_settings       [   0.07484] Single Buffer requirement not met.
display  D   display_settings.c:214  debug_display_settings           [   0.07487] color: 32 (rgba 8880), depth: 24, stencil: 8, acc: 0000, samples: 0/0
display  D   display_settings.c:400  _al_score_display_settings       [   0.07490] Single Buffer requirement not met.
display  D   display_settings.c:214  debug_display_settings           [   0.07493] color: 32 (rgba 8880), depth: 24, stencil: 8, acc: 0000, samples: 0/0
display  D   display_settings.c:400  _al_score_display_settings       [   0.07496] Single Buffer requirement not met.
display  D   display_settings.c:214  debug_display_settings           [   0.07498] color: 32 (rgba 8880), depth: 24, stencil: 0, acc: 0000, samples: 0/0
display  D   display_settings.c:400  _al_score_display_settings       [   0.07502] Single Buffer requirement not met.
display  D   display_settings.c:214  debug_display_settings           [   0.07504] color: 32 (rgba 8880), depth: 24, stencil: 0, acc: 0000, samples: 0/0
display  D   display_settings.c:400  _al_score_display_settings       [   0.07510] Single Buffer requirement not met.
display  D   display_settings.c:214  debug_display_settings           [   0.07513] color: 32 (rgba 8880), depth: 16, stencil: 0, acc: 0000, samples: 0/0
display  D   display_settings.c:400  _al_score_display_settings       [   0.07517] Single Buffer requirement not met.
display  D   display_settings.c:214  debug_display_settings           [   0.07519] color: 32 (rgba 8880), depth: 16, stencil: 0, acc: 0000, samples: 0/0
display  D   display_settings.c:400  _al_score_display_settings       [   0.07523] Single Buffer requirement not met.
display  D   display_settings.c:214  debug_display_settings           [   0.07525] color: 16 (rgba 5650), depth: 0, stencil: 0, acc: 0000, samples: 0/0
display  D   display_settings.c:400  _al_score_display_settings       [   0.07528] Single Buffer requirement not met.
display  D   display_settings.c:214  debug_display_settings           [   0.07531] color: 16 (rgba 5650), depth: 0, stencil: 0, acc: 0000, samples: 0/0
display  D   display_settings.c:400  _al_score_display_settings       [   0.07534] Single Buffer requirement not met.
display  D   display_settings.c:214  debug_display_settings           [   0.07537] color: 16 (rgba 5650), depth: 24, stencil: 8, acc: 0000, samples: 0/0
display  D   display_settings.c:400  _al_score_display_settings       [   0.07540] Single Buffer requirement not met.
display  D   display_settings.c:214  debug_display_settings           [   0.07542] color: 16 (rgba 5650), depth: 24, stencil: 8, acc: 0000, samples: 0/0
display  D   display_settings.c:400  _al_score_display_settings       [   0.07546] Single Buffer requirement not met.
display  D   display_settings.c:214  debug_display_settings           [   0.07548] color: 16 (rgba 5650), depth: 24, stencil: 0, acc: 0000, samples: 0/0
display  D   display_settings.c:400  _al_score_display_settings       [   0.07559] Single Buffer requirement not met.
display  D   display_settings.c:214  debug_display_settings           [   0.07564] color: 16 (rgba 5650), depth: 24, stencil: 0, acc: 0000, samples: 0/0
display  D   display_settings.c:400  _al_score_display_settings       [   0.07570] Single Buffer requirement not met.
display  D   display_settings.c:214  debug_display_settings           [   0.07575] color: 16 (rgba 5650), depth: 16, stencil: 0, acc: 0000, samples: 0/0
display  D   display_settings.c:400  _al_score_display_settings       [   0.07581] Single Buffer requirement not met.
display  D   display_settings.c:214  debug_display_settings           [   0.07584] color: 16 (rgba 5650), depth: 16, stencil: 0, acc: 0000, samples: 0/0
display  D   display_settings.c:400  _al_score_display_settings       [   0.07588] Single Buffer requirement not met.
d3d      D         d3d_disp.cpp:1677 d3d_create_display_internals     [   0.07592] Trying format 0.
d3d      I         d3d_disp.cpp:1353 d3d_display_thread_proc          [   0.07634] Chose a display format: 23
d3d      I         d3d_disp.cpp:1422 d3d_display_thread_proc          [   0.07647] Normal window.
d3d      I         d3d_disp.cpp:786  d3d_create_device                [   0.11057] Using no depth stencil buffer
d3d      D         d3d_disp.cpp:848  d3d_create_device                [   0.14333] BeginScene succeeded in create_device
d3d      D         d3d_disp.cpp:856  d3d_create_device                [   0.14343] Success
d3d      D         d3d_disp.cpp:1703 d3d_create_display_internals     [   0.14351] Resumed after wait.
d3d      I         d3d_disp.cpp:1736 d3d_create_display_internals     [   0.14373] Format 0 succeeded.
d3d      D         d3d_disp.cpp:1767 d3d_create_display_internals     [   0.14380] Returning d3d_display: 0000029ED03057B0
d3d      D         d3d_disp.cpp:1792 d3d_create_display_locked        [   0.14383] al_display=0000029ED03057B0
d3d      D         d3d_disp.cpp:1793 d3d_create_display_locked        [   0.14386] al_display->vt=0000029ECE87F820
system   D            wsystem.c:836  maybe_parent_dir                 [   0.14417] Also searching C:\Users\silva\source\repos\PI---Grupo-Austr-lia\PI---Grupo-Austr-lia\PI---Grupo-Austr-lia\PI-ALLEGRO\x64\
system   W            wsystem.c:896  _al_win_safe_load_library        [   0.14508] PathFindOnPath failed to find d3dx9_43.dll
system   D            wsystem.c:836  maybe_parent_dir                 [   0.14528] Also searching C:\Users\silva\source\repos\PI---Grupo-Austr-lia\PI---Grupo-Austr-lia\PI---Grupo-Austr-lia\PI-ALLEGRO\x64\
system   W            wsystem.c:896  _al_win_safe_load_library        [   0.14576] PathFindOnPath failed to find d3dx9_42.dll
system   D            wsystem.c:836  maybe_parent_dir                 [   0.14587] Also searching C:\Users\silva\source\repos\PI---Grupo-Austr-lia\PI---Grupo-Austr-lia\PI---Grupo-Austr-lia\PI-ALLEGRO\x64\
system   W            wsystem.c:896  _al_win_safe_load_library        [   0.14626] PathFindOnPath failed to find d3dx9_41.dll
system   D            wsystem.c:836  maybe_parent_dir                 [   0.14637] Also searching C:\Users\silva\source\repos\PI---Grupo-Austr-lia\PI---Grupo-Austr-lia\PI---Grupo-Austr-lia\PI-ALLEGRO\x64\
system   W            wsystem.c:896  _al_win_safe_load_library        [   0.14670] PathFindOnPath failed to find d3dx9_40.dll
system   D            wsystem.c:836  maybe_parent_dir                 [   0.14680] Also searching C:\Users\silva\source\repos\PI---Grupo-Austr-lia\PI---Grupo-Austr-lia\PI---Grupo-Austr-lia\PI-ALLEGRO\x64\
system   W            wsystem.c:896  _al_win_safe_load_library        [   0.14716] PathFindOnPath failed to find d3dx9_39.dll
system   D            wsystem.c:836  maybe_parent_dir                 [   0.14727] Also searching C:\Users\silva\source\repos\PI---Grupo-Austr-lia\PI---Grupo-Austr-lia\PI---Grupo-Austr-lia\PI-ALLEGRO\x64\
system   W            wsystem.c:896  _al_win_safe_load_library        [   0.14767] PathFindOnPath failed to find d3dx9_38.dll
system   D            wsystem.c:836  maybe_parent_dir                 [   0.14778] Also searching C:\Users\silva\source\repos\PI---Grupo-Austr-lia\PI---Grupo-Austr-lia\PI---Grupo-Austr-lia\PI-ALLEGRO\x64\
system   W            wsystem.c:896  _al_win_safe_load_library        [   0.14815] PathFindOnPath failed to find d3dx9_37.dll
system   D            wsystem.c:836  maybe_parent_dir                 [   0.14825] Also searching C:\Users\silva\source\repos\PI---Grupo-Austr-lia\PI---Grupo-Austr-lia\PI---Grupo-Austr-lia\PI-ALLEGRO\x64\
system   W            wsystem.c:896  _al_win_safe_load_library        [   0.14859] PathFindOnPath failed to find d3dx9_36.dll
system   D            wsystem.c:836  maybe_parent_dir                 [   0.14869] Also searching C:\Users\silva\source\repos\PI---Grupo-Austr-lia\PI---Grupo-Austr-lia\PI---Grupo-Austr-lia\PI-ALLEGRO\x64\
system   W            wsystem.c:896  _al_win_safe_load_library        [   0.14901] PathFindOnPath failed to find d3dx9_35.dll
system   D            wsystem.c:836  maybe_parent_dir                 [   0.14912] Also searching C:\Users\silva\source\repos\PI---Grupo-Austr-lia\PI---Grupo-Austr-lia\PI---Grupo-Austr-lia\PI-ALLEGRO\x64\
system   W            wsystem.c:896  _al_win_safe_load_library        [   0.14946] PathFindOnPath failed to find d3dx9_34.dll
system   D            wsystem.c:836  maybe_parent_dir                 [   0.14955] Also searching C:\Users\silva\source\repos\PI---Grupo-Austr-lia\PI---Grupo-Austr-lia\PI---Grupo-Austr-lia\PI-ALLEGRO\x64\
system   W            wsystem.c:896  _al_win_safe_load_library        [   0.14994] PathFindOnPath failed to find d3dx9_33.dll
system   D            wsystem.c:836  maybe_parent_dir                 [   0.15036] Also searching C:\Users\silva\source\repos\PI---Grupo-Austr-lia\PI---Grupo-Austr-lia\PI---Grupo-Austr-lia\PI-ALLEGRO\x64\
system   W            wsystem.c:896  _al_win_safe_load_library        [   0.15096] PathFindOnPath failed to find d3dx9_32.dll
system   D            wsystem.c:836  maybe_parent_dir                 [   0.15114] Also searching C:\Users\silva\source\repos\PI---Grupo-Austr-lia\PI---Grupo-Austr-lia\PI---Grupo-Austr-lia\PI-ALLEGRO\x64\
system   W            wsystem.c:896  _al_win_safe_load_library        [   0.15162] PathFindOnPath failed to find d3dx9_31.dll
system   D            wsystem.c:836  maybe_parent_dir                 [   0.15176] Also searching C:\Users\silva\source\repos\PI---Grupo-Austr-lia\PI---Grupo-Austr-lia\PI---Grupo-Austr-lia\PI-ALLEGRO\x64\
system   W            wsystem.c:896  _al_win_safe_load_library        [   0.15224] PathFindOnPath failed to find d3dx9_30.dll
system   D            wsystem.c:836  maybe_parent_dir                 [   0.15240] Also searching C:\Users\silva\source\repos\PI---Grupo-Austr-lia\PI---Grupo-Austr-lia\PI---Grupo-Austr-lia\PI-ALLEGRO\x64\
system   W            wsystem.c:896  _al_win_safe_load_library        [   0.15283] PathFindOnPath failed to find d3dx9_29.dll
system   D            wsystem.c:836  maybe_parent_dir                 [   0.15296] Also searching C:\Users\silva\source\repos\PI---Grupo-Austr-lia\PI---Grupo-Austr-lia\PI---Grupo-Austr-lia\PI-ALLEGRO\x64\
system   W            wsystem.c:896  _al_win_safe_load_library        [   0.15349] PathFindOnPath failed to find d3dx9_28.dll
system   D            wsystem.c:836  maybe_parent_dir                 [   0.15362] Also searching C:\Users\silva\source\repos\PI---Grupo-Austr-lia\PI---Grupo-Austr-lia\PI---Grupo-Austr-lia\PI-ALLEGRO\x64\
system   W            wsystem.c:896  _al_win_safe_load_library        [   0.15398] PathFindOnPath failed to find d3dx9_27.dll
system   D            wsystem.c:836  maybe_parent_dir                 [   0.15408] Also searching C:\Users\silva\source\repos\PI---Grupo-Austr-lia\PI---Grupo-Austr-lia\PI---Grupo-Austr-lia\PI-ALLEGRO\x64\
system   W            wsystem.c:896  _al_win_safe_load_library        [   0.15442] PathFindOnPath failed to find d3dx9_26.dll
system   D            wsystem.c:836  maybe_parent_dir                 [   0.15451] Also searching C:\Users\silva\source\repos\PI---Grupo-Austr-lia\PI---Grupo-Austr-lia\PI---Grupo-Austr-lia\PI-ALLEGRO\x64\
system   W            wsystem.c:896  _al_win_safe_load_library        [   0.15494] PathFindOnPath failed to find d3dx9_25.dll
system   D            wsystem.c:836  maybe_parent_dir                 [   0.15508] Also searching C:\Users\silva\source\repos\PI---Grupo-Austr-lia\PI---Grupo-Austr-lia\PI---Grupo-Austr-lia\PI-ALLEGRO\x64\
system   W            wsystem.c:896  _al_win_safe_load_library        [   0.15547] PathFindOnPath failed to find d3dx9_24.dll
d3dx9    E        d3d_d3dx9.cpp:121  _al_load_d3dx9_module            [   0.15551] Failed to load D3DX9 library. Library is not installed.
stdio    D         file_stdio.c:107  file_stdio_fopen                 [   0.15814] opening ./font.ttf rb
font     D                ttf.c:971  al_load_ttf_font_stretch_f       [   0.15949] Font ./font.ttf loaded with pixel size 0 x 60.
font     D                ttf.c:973  al_load_ttf_font_stretch_f       [   0.15958]     ascent=60.0, descent=-15.0, height=80.0
dtor     D               dtor.c:196  _al_register_destructor          [   0.15991] added dtor for ttf_font 0000029ED3F2EC00, func 00007FFA5BCE128F
dtor     D               dtor.c:196  _al_register_destructor          [   0.16002] added dtor for timer 0000029ED02D1DC0, func 00007FFA36C11050
stdio    D         file_stdio.c:107  file_stdio_fopen                 [   0.16011] opening ./walkright.png rb
stdio    D         file_stdio.c:107  file_stdio_fopen                 [   0.16105] opening ./walkright.png rb
d3d      D         d3d_disp.cpp:1197 real_choose_bitmap_format        [   0.16175] Fake format
d3d      D         d3d_disp.cpp:1197 real_choose_bitmap_format        [   0.16182] Fake format
d3d      D         d3d_disp.cpp:1197 real_choose_bitmap_format        [   0.16186] Fake format
d3d      D         d3d_disp.cpp:1197 real_choose_bitmap_format        [   0.16189] Fake format
d3d      D         d3d_disp.cpp:1197 real_choose_bitmap_format        [   0.16192] Fake format
d3d      D         d3d_disp.cpp:1197 real_choose_bitmap_format        [   0.16195] Fake format
d3d      D         d3d_disp.cpp:1197 real_choose_bitmap_format        [   0.16199] Fake format
d3d      D         d3d_disp.cpp:1197 real_choose_bitmap_format        [   0.16202] Fake format
d3d      D         d3d_disp.cpp:1197 real_choose_bitmap_format        [   0.16207] Fake format
d3d      D         d3d_disp.cpp:1205 real_choose_bitmap_format        [   0.16212] Alpha doesn't match
d3d      D         d3d_disp.cpp:1212 real_choose_bitmap_format        [   0.16218] Adapter format is 23
d3d      D         d3d_disp.cpp:1215 real_choose_bitmap_format        [   0.16224] Found a format
d3d      I         d3d_disp.cpp:2386 d3d_create_bitmap                [   0.16232] Chose bitmap format 9
dtor     D               dtor.c:196  _al_register_destructor          [   0.16359] added dtor for bitmap 0000029ED4062D40, func 00007FFA36C1118B
stdio    D         file_stdio.c:107  file_stdio_fopen                 [   0.17992] opening ./walkleft.png rb
stdio    D         file_stdio.c:107  file_stdio_fopen                 [   0.18124] opening ./walkleft.png rb
d3d      D         d3d_disp.cpp:1197 real_choose_bitmap_format        [   0.18148] Fake format
d3d      D         d3d_disp.cpp:1197 real_choose_bitmap_format        [   0.18151] Fake format
d3d      D         d3d_disp.cpp:1197 real_choose_bitmap_format        [   0.18155] Fake format
d3d      D         d3d_disp.cpp:1197 real_choose_bitmap_format        [   0.18157] Fake format
d3d      D         d3d_disp.cpp:1197 real_choose_bitmap_format        [   0.18161] Fake format
d3d      D         d3d_disp.cpp:1197 real_choose_bitmap_format        [   0.18163] Fake format
d3d      D         d3d_disp.cpp:1197 real_choose_bitmap_format        [   0.18166] Fake format
d3d      D         d3d_disp.cpp:1197 real_choose_bitmap_format        [   0.18168] Fake format
d3d      D         d3d_disp.cpp:1197 real_choose_bitmap_format        [   0.18171] Fake format
d3d      D         d3d_disp.cpp:1205 real_choose_bitmap_format        [   0.18173] Alpha doesn't match
d3d      D         d3d_disp.cpp:1212 real_choose_bitmap_format        [   0.18175] Adapter format is 23
d3d      D         d3d_disp.cpp:1215 real_choose_bitmap_format        [   0.18179] Found a format
d3d      I         d3d_disp.cpp:2386 d3d_create_bitmap                [   0.18181] Chose bitmap format 9
dtor     D               dtor.c:196  _al_register_destructor          [   0.18247] added dtor for bitmap 0000029ED4066970, func 00007FFA36C1118B
stdio    D         file_stdio.c:107  file_stdio_fopen                 [   0.19218] opening ./backgroundfloresta.jpeg rb
stdio    D         file_stdio.c:107  file_stdio_fopen                 [   0.19299] opening ./backgroundfloresta.jpeg rb
d3d      D         d3d_disp.cpp:1197 real_choose_bitmap_format        [   0.19348] Fake format
d3d      D         d3d_disp.cpp:1197 real_choose_bitmap_format        [   0.19353] Fake format
d3d      D         d3d_disp.cpp:1197 real_choose_bitmap_format        [   0.19355] Fake format
d3d      D         d3d_disp.cpp:1197 real_choose_bitmap_format        [   0.19358] Fake format
d3d      D         d3d_disp.cpp:1197 real_choose_bitmap_format        [   0.19360] Fake format
d3d      D         d3d_disp.cpp:1197 real_choose_bitmap_format        [   0.19363] Fake format
d3d      D         d3d_disp.cpp:1197 real_choose_bitmap_format        [   0.19365] Fake format
d3d      D         d3d_disp.cpp:1197 real_choose_bitmap_format        [   0.19367] Fake format
d3d      D         d3d_disp.cpp:1197 real_choose_bitmap_format        [   0.19370] Fake format
d3d      D         d3d_disp.cpp:1205 real_choose_bitmap_format        [   0.19372] Alpha doesn't match
d3d      D         d3d_disp.cpp:1212 real_choose_bitmap_format        [   0.19374] Adapter format is 23
d3d      D         d3d_disp.cpp:1215 real_choose_bitmap_format        [   0.19377] Found a format
d3d      I         d3d_disp.cpp:2386 d3d_create_bitmap                [   0.19380] Chose bitmap format 9
dtor     D               dtor.c:196  _al_register_destructor          [   0.19491] added dtor for bitmap 0000029ED4066420, func 00007FFA36C1118B
stdio    D         file_stdio.c:107  file_stdio_fopen                 [   0.22053] opening ./jump.png rb
stdio    D         file_stdio.c:107  file_stdio_fopen                 [   0.22201] opening ./jump.png rb
d3d      D         d3d_disp.cpp:1197 real_choose_bitmap_format        [   0.22242] Fake format
d3d      D         d3d_disp.cpp:1197 real_choose_bitmap_format        [   0.22249] Fake format
d3d      D         d3d_disp.cpp:1197 real_choose_bitmap_format        [   0.22252] Fake format
d3d      D         d3d_disp.cpp:1197 real_choose_bitmap_format        [   0.22256] Fake format
d3d      D         d3d_disp.cpp:1197 real_choose_bitmap_format        [   0.22259] Fake format
d3d      D         d3d_disp.cpp:1197 real_choose_bitmap_format        [   0.22262] Fake format
d3d      D         d3d_disp.cpp:1197 real_choose_bitmap_format        [   0.22266] Fake format
d3d      D         d3d_disp.cpp:1197 real_choose_bitmap_format        [   0.22269] Fake format
d3d      D         d3d_disp.cpp:1197 real_choose_bitmap_format        [   0.22273] Fake format
d3d      D         d3d_disp.cpp:1205 real_choose_bitmap_format        [   0.22276] Alpha doesn't match
d3d      D         d3d_disp.cpp:1212 real_choose_bitmap_format        [   0.22279] Adapter format is 23
d3d      D         d3d_disp.cpp:1215 real_choose_bitmap_format        [   0.22283] Found a format
d3d      I         d3d_disp.cpp:2386 d3d_create_bitmap                [   0.22287] Chose bitmap format 9
dtor     D               dtor.c:196  _al_register_destructor          [   0.22408] added dtor for bitmap 0000029ED4066E00, func 00007FFA36C1118B
stdio    D         file_stdio.c:107  file_stdio_fopen                 [   0.24165] opening ./idle.png rb
stdio    D         file_stdio.c:107  file_stdio_fopen                 [   0.24289] opening ./idle.png rb
d3d      D         d3d_disp.cpp:1197 real_choose_bitmap_format        [   0.24338] Fake format
d3d      D         d3d_disp.cpp:1197 real_choose_bitmap_format        [   0.24343] Fake format
d3d      D         d3d_disp.cpp:1197 real_choose_bitmap_format        [   0.24345] Fake format
d3d      D         d3d_disp.cpp:1197 real_choose_bitmap_format        [   0.24348] Fake format
d3d      D         d3d_disp.cpp:1197 real_choose_bitmap_format        [   0.24350] Fake format
d3d      D         d3d_disp.cpp:1197 real_choose_bitmap_format        [   0.24353] Fake format
d3d      D         d3d_disp.cpp:1197 real_choose_bitmap_format        [   0.24355] Fake format
d3d      D         d3d_disp.cpp:1197 real_choose_bitmap_format        [   0.24357] Fake format
d3d      D         d3d_disp.cpp:1197 real_choose_bitmap_format        [   0.24360] Fake format
d3d      D         d3d_disp.cpp:1205 real_choose_bitmap_format        [   0.24362] Alpha doesn't match
d3d      D         d3d_disp.cpp:1212 real_choose_bitmap_format        [   0.24365] Adapter format is 23
d3d      D         d3d_disp.cpp:1215 real_choose_bitmap_format        [   0.24367] Found a format
d3d      I         d3d_disp.cpp:2386 d3d_create_bitmap                [   0.24370] Chose bitmap format 9
dtor     D               dtor.c:196  _al_register_destructor          [   0.24442] added dtor for bitmap 0000029ED40617B0, func 00007FFA36C1118B
stdio    D         file_stdio.c:107  file_stdio_fopen                 [   0.25255] opening ./shot_1.png rb
stdio    D         file_stdio.c:107  file_stdio_fopen                 [   0.25362] opening ./shot_1.png rb
d3d      D         d3d_disp.cpp:1197 real_choose_bitmap_format        [   0.25415] Fake format
d3d      D         d3d_disp.cpp:1197 real_choose_bitmap_format        [   0.25420] Fake format
d3d      D         d3d_disp.cpp:1197 real_choose_bitmap_format        [   0.25423] Fake format
d3d      D         d3d_disp.cpp:1197 real_choose_bitmap_format        [   0.25425] Fake format
d3d      D         d3d_disp.cpp:1197 real_choose_bitmap_format        [   0.25428] Fake format
d3d      D         d3d_disp.cpp:1197 real_choose_bitmap_format        [   0.25431] Fake format
d3d      D         d3d_disp.cpp:1197 real_choose_bitmap_format        [   0.25434] Fake format
d3d      D         d3d_disp.cpp:1197 real_choose_bitmap_format        [   0.25437] Fake format
d3d      D         d3d_disp.cpp:1197 real_choose_bitmap_format        [   0.25439] Fake format
d3d      D         d3d_disp.cpp:1205 real_choose_bitmap_format        [   0.25442] Alpha doesn't match
d3d      D         d3d_disp.cpp:1212 real_choose_bitmap_format        [   0.25445] Adapter format is 23
d3d      D         d3d_disp.cpp:1215 real_choose_bitmap_format        [   0.25448] Found a format
d3d      I         d3d_disp.cpp:2386 d3d_create_bitmap                [   0.25451] Chose bitmap format 9
dtor     D               dtor.c:196  _al_register_destructor          [   0.25502] added dtor for bitmap 0000029ED4061AF0, func 00007FFA36C1118B
stdio    D         file_stdio.c:107  file_stdio_fopen                 [   0.26214] opening ./wood_spike.png rb
stdio    D         file_stdio.c:107  file_stdio_fopen                 [   0.26313] opening ./wood_spike.png rb
d3d      D         d3d_disp.cpp:1197 real_choose_bitmap_format        [   0.26348] Fake format
d3d      D         d3d_disp.cpp:1197 real_choose_bitmap_format        [   0.26354] Fake format
d3d      D         d3d_disp.cpp:1197 real_choose_bitmap_format        [   0.26358] Fake format
d3d      D         d3d_disp.cpp:1197 real_choose_bitmap_format        [   0.26362] Fake format
d3d      D         d3d_disp.cpp:1197 real_choose_bitmap_format        [   0.26367] Fake format
d3d      D         d3d_disp.cpp:1197 real_choose_bitmap_format        [   0.26370] Fake format
d3d      D         d3d_disp.cpp:1197 real_choose_bitmap_format        [   0.26373] Fake format
d3d      D         d3d_disp.cpp:1197 real_choose_bitmap_format        [   0.26378] Fake format
d3d      D         d3d_disp.cpp:1197 real_choose_bitmap_format        [   0.26381] Fake format
d3d      D         d3d_disp.cpp:1205 real_choose_bitmap_format        [   0.26385] Alpha doesn't match
d3d      D         d3d_disp.cpp:1212 real_choose_bitmap_format        [   0.26390] Adapter format is 23
d3d      D         d3d_disp.cpp:1215 real_choose_bitmap_format        [   0.26394] Found a format
d3d      I         d3d_disp.cpp:2386 d3d_create_bitmap                [   0.26398] Chose bitmap format 9
dtor     D               dtor.c:196  _al_register_destructor          [   0.26427] added dtor for bitmap 0000029ED4076CB0, func 00007FFA36C1118B
stdio    D         file_stdio.c:107  file_stdio_fopen                 [   0.26502] opening ./metralhadora.mp3 rb
stdio    D         file_stdio.c:107  file_stdio_fopen                 [   0.26561] opening ./metralhadora.mp3 rb
wav      E                wav.c:121  wav_open                         [   0.26586] Bad RIFF type.
dtor     D               dtor.c:196  _al_register_destructor          [   0.26612] added dtor for sample 0000029ED3F2EB90, func 00007FFA509B1519
dtor     D               dtor.c:196  _al_register_destructor          [   0.26712] added dtor for queue 0000029ED0307150, func 00007FFA36C11C49
d3d      D          d3d_bmp.cpp:539  _al_d3d_sync_bitmap              [   0.32052] _al_d3d_sync_bitmap (system) ref count == 1
d3d      D          d3d_bmp.cpp:545  _al_d3d_sync_bitmap              [   0.32078] _al_d3d_sync_bitmap (video) ref count == 1
d3d      D          d3d_bmp.cpp:539  _al_d3d_sync_bitmap              [   0.32608] _al_d3d_sync_bitmap (system) ref count == 1
d3d      D          d3d_bmp.cpp:545  _al_d3d_sync_bitmap              [   0.32641] _al_d3d_sync_bitmap (video) ref count == 1
d3d      D          d3d_bmp.cpp:539  _al_d3d_sync_bitmap              [   0.33052] _al_d3d_sync_bitmap (system) ref count == 1
d3d      D          d3d_bmp.cpp:545  _al_d3d_sync_bitmap              [   0.33073] _al_d3d_sync_bitmap (video) ref count == 1
d3d      D          d3d_bmp.cpp:539  _al_d3d_sync_bitmap              [   0.33603] _al_d3d_sync_bitmap (system) ref count == 1
d3d      D          d3d_bmp.cpp:545  _al_d3d_sync_bitmap              [   0.33626] _al_d3d_sync_bitmap (video) ref count == 1
d3d      D          d3d_bmp.cpp:539  _al_d3d_sync_bitmap              [   0.33925] _al_d3d_sync_bitmap (system) ref count == 1
d3d      D          d3d_bmp.cpp:545  _al_d3d_sync_bitmap              [   0.33940] _al_d3d_sync_bitmap (video) ref count == 1
d3d      D          d3d_bmp.cpp:539  _al_d3d_sync_bitmap              [   0.34207] _al_d3d_sync_bitmap (system) ref count == 1
d3d      D          d3d_bmp.cpp:545  _al_d3d_sync_bitmap              [   0.34223] _al_d3d_sync_bitmap (video) ref count == 1
d3d      D          d3d_bmp.cpp:539  _al_d3d_sync_bitmap              [   0.34432] _al_d3d_sync_bitmap (system) ref count == 1
d3d      D          d3d_bmp.cpp:545  _al_d3d_sync_bitmap              [   0.34455] _al_d3d_sync_bitmap (video) ref count == 1
d3d      D         d3d_disp.cpp:1197 real_choose_bitmap_format        [  18.71594] Fake format
d3d      D         d3d_disp.cpp:1197 real_choose_bitmap_format        [  18.71613] Fake format
d3d      D         d3d_disp.cpp:1197 real_choose_bitmap_format        [  18.71619] Fake format
d3d      D         d3d_disp.cpp:1197 real_choose_bitmap_format        [  18.71623] Fake format
d3d      D         d3d_disp.cpp:1197 real_choose_bitmap_format        [  18.71628] Fake format
d3d      D         d3d_disp.cpp:1197 real_choose_bitmap_format        [  18.71633] Fake format
d3d      D         d3d_disp.cpp:1197 real_choose_bitmap_format        [  18.71638] Fake format
d3d      D         d3d_disp.cpp:1197 real_choose_bitmap_format        [  18.71642] Fake format
d3d      D         d3d_disp.cpp:1197 real_choose_bitmap_format        [  18.71647] Fake format
d3d      D         d3d_disp.cpp:1205 real_choose_bitmap_format        [  18.71652] Alpha doesn't match
d3d      D         d3d_disp.cpp:1212 real_choose_bitmap_format        [  18.71657] Adapter format is 23
d3d      D         d3d_disp.cpp:1215 real_choose_bitmap_format        [  18.71663] Found a format
d3d      I         d3d_disp.cpp:2386 d3d_create_bitmap                [  18.71668] Chose bitmap format 9
font     D                ttf.c:243  alloc_glyph_region               [  18.71827] Glyph 55: 38x50 (40x52)
font     D                ttf.c:287  alloc_glyph_region               [  18.71845] Locking glyph region: 0000029ED855A870 0 0 40 52
font     D                ttf.c:167  unlock_current_page              [  18.72147] Unlocking page: 0000029ED855A870
font     D                ttf.c:243  alloc_glyph_region               [  18.72169] Glyph 72: 34x39 (36x40)
font     D                ttf.c:287  alloc_glyph_region               [  18.72174] Locking glyph region: 0000029ED855A870 40 0 36 40
font     D                ttf.c:167  unlock_current_page              [  18.72185] Unlocking page: 0000029ED855A870
font     D                ttf.c:243  alloc_glyph_region               [  18.72199] Glyph 86: 32x39 (32x40)
font     D                ttf.c:287  alloc_glyph_region               [  18.72203] Locking glyph region: 0000029ED855A870 76 0 32 40
font     D                ttf.c:167  unlock_current_page              [  18.72211] Unlocking page: 0000029ED855A870
font     D                ttf.c:243  alloc_glyph_region               [  18.72221] Glyph 87: 34x48 (36x48)
font     D                ttf.c:287  alloc_glyph_region               [  18.72226] Locking glyph region: 0000029ED855A870 108 0 36 48
font     D                ttf.c:167  unlock_current_page              [  18.72233] Unlocking page: 0000029ED855A870
d3d      D          d3d_bmp.cpp:539  _al_d3d_sync_bitmap              [  18.72359] _al_d3d_sync_bitmap (system) ref count == 1
d3d      D          d3d_bmp.cpp:545  _al_d3d_sync_bitmap              [  18.72369] _al_d3d_sync_bitmap (video) ref count == 1
font     W               font.c:370  al_init_font_addon               [  24.87060] Font addon already initialised.
font     W                ttf.c:1136 al_init_ttf_addon                [  24.87086] TTF addon already initialised.
d3d      I         d3d_disp.cpp:1780 d3d_create_display_locked        [  24.87317] faux_fullscreen=0
d3d      D         d3d_disp.cpp:1781 d3d_create_display_locked        [  24.87332] al_display=0000029ED031D5A0
d3d      D         d3d_disp.cpp:1782 d3d_create_display_locked        [  24.87341] al_display->vt=0000029ECE87F820
d3d      I d3d_display_formats.cpp:144  _al_d3d_generate_display_format_list [  24.87363] found 64 format combinations
display  D   display_settings.c:214  debug_display_settings           [  24.87371] color: 32 (rgba 8880), depth: 0, stencil: 0, acc: 0000, samples: 0/0
display  D   display_settings.c:529  _al_score_display_settings       [  24.87383] Score is : 897
display  D   display_settings.c:214  debug_display_settings           [  24.87388] color: 32 (rgba 8880), depth: 0, stencil: 0, acc: 0000, samples: 0/0
display  D   display_settings.c:529  _al_score_display_settings       [  24.87397] Score is : 897
display  D   display_settings.c:214  debug_display_settings           [  24.87402] color: 32 (rgba 8880), depth: 24, stencil: 8, acc: 0000, samples: 0/0
display  D   display_settings.c:529  _al_score_display_settings       [  24.87411] Score is : 897
display  D   display_settings.c:214  debug_display_settings           [  24.87416] color: 32 (rgba 8880), depth: 24, stencil: 8, acc: 0000, samples: 0/0
display  D   display_settings.c:529  _al_score_display_settings       [  24.87425] Score is : 897
display  D   display_settings.c:214  debug_display_settings           [  24.87431] color: 32 (rgba 8880), depth: 24, stencil: 0, acc: 0000, samples: 0/0
display  D   display_settings.c:529  _al_score_display_settings       [  24.87440] Score is : 897
display  D   display_settings.c:214  debug_display_settings           [  24.87445] color: 32 (rgba 8880), depth: 24, stencil: 0, acc: 0000, samples: 0/0
display  D   display_settings.c:529  _al_score_display_settings       [  24.87453] Score is : 897
display  D   display_settings.c:214  debug_display_settings           [  24.87458] color: 32 (rgba 8880), depth: 16, stencil: 0, acc: 0000, samples: 0/0
display  D   display_settings.c:529  _al_score_display_settings       [  24.87465] Score is : 897
display  D   display_settings.c:214  debug_display_settings           [  24.87471] color: 32 (rgba 8880), depth: 16, stencil: 0, acc: 0000, samples: 0/0
display  D   display_settings.c:529  _al_score_display_settings       [  24.87482] Score is : 897
display  D   display_settings.c:214  debug_display_settings           [  24.87493] color: 16 (rgba 5650), depth: 0, stencil: 0, acc: 0000, samples: 0/0
display  D   display_settings.c:529  _al_score_display_settings       [  24.87504] Score is : 897
display  D   display_settings.c:214  debug_display_settings           [  24.87513] color: 16 (rgba 5650), depth: 0, stencil: 0, acc: 0000, samples: 0/0
display  D   display_settings.c:529  _al_score_display_settings       [  24.87528] Score is : 897
display  D   display_settings.c:214  debug_display_settings           [  24.87536] color: 16 (rgba 5650), depth: 24, stencil: 8, acc: 0000, samples: 0/0
display  D   display_settings.c:529  _al_score_display_settings       [  24.87546] Score is : 897
display  D   display_settings.c:214  debug_display_settings           [  24.87554] color: 16 (rgba 5650), depth: 24, stencil: 8, acc: 0000, samples: 0/0
display  D   display_settings.c:529  _al_score_display_settings       [  24.87566] Score is : 897
display  D   display_settings.c:214  debug_display_settings           [  24.87576] color: 16 (rgba 5650), depth: 24, stencil: 0, acc: 0000, samples: 0/0
display  D   display_settings.c:529  _al_score_display_settings       [  24.87586] Score is : 897
display  D   display_settings.c:214  debug_display_settings           [  24.87596] color: 16 (rgba 5650), depth: 24, stencil: 0, acc: 0000, samples: 0/0
display  D   display_settings.c:529  _al_score_display_settings       [  24.87608] Score is : 897
display  D   display_settings.c:214  debug_display_settings           [  24.87614] color: 16 (rgba 5650), depth: 16, stencil: 0, acc: 0000, samples: 0/0
display  D   display_settings.c:529  _al_score_display_settings       [  24.87626] Score is : 897
display  D   display_settings.c:214  debug_display_settings           [  24.87633] color: 16 (rgba 5650), depth: 16, stencil: 0, acc: 0000, samples: 0/0
display  D   display_settings.c:529  _al_score_display_settings       [  24.87643] Score is : 897
display  D   display_settings.c:214  debug_display_settings           [  24.87650] color: 32 (rgba 8880), depth: 0, stencil: 0, acc: 0000, samples: 0/0
display  D   display_settings.c:400  _al_score_display_settings       [  24.87660] Single Buffer requirement not met.
display  D   display_settings.c:214  debug_display_settings           [  24.87666] color: 32 (rgba 8880), depth: 0, stencil: 0, acc: 0000, samples: 0/0
display  D   display_settings.c:400  _al_score_display_settings       [  24.87678] Single Buffer requirement not met.
display  D   display_settings.c:214  debug_display_settings           [  24.87684] color: 32 (rgba 8880), depth: 24, stencil: 8, acc: 0000, samples: 0/0
display  D   display_settings.c:400  _al_score_display_settings       [  24.87695] Single Buffer requirement not met.
display  D   display_settings.c:214  debug_display_settings           [  24.87703] color: 32 (rgba 8880), depth: 24, stencil: 8, acc: 0000, samples: 0/0
display  D   display_settings.c:400  _al_score_display_settings       [  24.87712] Single Buffer requirement not met.
display  D   display_settings.c:214  debug_display_settings           [  24.87718] color: 32 (rgba 8880), depth: 24, stencil: 0, acc: 0000, samples: 0/0
display  D   display_settings.c:400  _al_score_display_settings       [  24.87728] Single Buffer requirement not met.
display  D   display_settings.c:214  debug_display_settings           [  24.87737] color: 32 (rgba 8880), depth: 24, stencil: 0, acc: 0000, samples: 0/0
display  D   display_settings.c:400  _al_score_display_settings       [  24.87746] Single Buffer requirement not met.
display  D   display_settings.c:214  debug_display_settings           [  24.87754] color: 32 (rgba 8880), depth: 16, stencil: 0, acc: 0000, samples: 0/0
display  D   display_settings.c:400  _al_score_display_settings       [  24.87766] Single Buffer requirement not met.
display  D   display_settings.c:214  debug_display_settings           [  24.87773] color: 32 (rgba 8880), depth: 16, stencil: 0, acc: 0000, samples: 0/0
display  D   display_settings.c:400  _al_score_display_settings       [  24.87785] Single Buffer requirement not met.
display  D   display_settings.c:214  debug_display_settings           [  24.87795] color: 16 (rgba 5650), depth: 0, stencil: 0, acc: 0000, samples: 0/0
display  D   display_settings.c:400  _al_score_display_settings       [  24.87807] Single Buffer requirement not met.
display  D   display_settings.c:214  debug_display_settings           [  24.87814] color: 16 (rgba 5650), depth: 0, stencil: 0, acc: 0000, samples: 0/0
display  D   display_settings.c:400  _al_score_display_settings       [  24.87825] Single Buffer requirement not met.
display  D   display_settings.c:214  debug_display_settings           [  24.87832] color: 16 (rgba 5650), depth: 24, stencil: 8, acc: 0000, samples: 0/0
display  D   display_settings.c:400  _al_score_display_settings       [  24.87843] Single Buffer requirement not met.
display  D   display_settings.c:214  debug_display_settings           [  24.87851] color: 16 (rgba 5650), depth: 24, stencil: 8, acc: 0000, samples: 0/0
display  D   display_settings.c:400  _al_score_display_settings       [  24.87863] Single Buffer requirement not met.
display  D   display_settings.c:214  debug_display_settings           [  24.87870] color: 16 (rgba 5650), depth: 24, stencil: 0, acc: 0000, samples: 0/0
display  D   display_settings.c:400  _al_score_display_settings       [  24.87884] Single Buffer requirement not met.
display  D   display_settings.c:214  debug_display_settings           [  24.87893] color: 16 (rgba 5650), depth: 24, stencil: 0, acc: 0000, samples: 0/0
display  D   display_settings.c:400  _al_score_display_settings       [  24.87903] Single Buffer requirement not met.
display  D   display_settings.c:214  debug_display_settings           [  24.87912] color: 16 (rgba 5650), depth: 16, stencil: 0, acc: 0000, samples: 0/0
display  D   display_settings.c:400  _al_score_display_settings       [  24.87923] Single Buffer requirement not met.
display  D   display_settings.c:214  debug_display_settings           [  24.87931] color: 16 (rgba 5650), depth: 16, stencil: 0, acc: 0000, samples: 0/0
display  D   display_settings.c:400  _al_score_display_settings       [  24.87942] Single Buffer requirement not met.
display  D   display_settings.c:214  debug_display_settings           [  24.87951] color: 32 (rgba 8880), depth: 0, stencil: 0, acc: 0000, samples: 0/0
display  D   display_settings.c:529  _al_score_display_settings       [  24.87962] Score is : 769
display  D   display_settings.c:214  debug_display_settings           [  24.87969] color: 32 (rgba 8880), depth: 0, stencil: 0, acc: 0000, samples: 0/0
display  D   display_settings.c:529  _al_score_display_settings       [  24.87980] Score is : 769
display  D   display_settings.c:214  debug_display_settings           [  24.87987] color: 32 (rgba 8880), depth: 24, stencil: 8, acc: 0000, samples: 0/0
display  D   display_settings.c:529  _al_score_display_settings       [  24.87996] Score is : 769
display  D   display_settings.c:214  debug_display_settings           [  24.88003] color: 32 (rgba 8880), depth: 24, stencil: 8, acc: 0000, samples: 0/0
display  D   display_settings.c:529  _al_score_display_settings       [  24.88011] Score is : 769
display  D   display_settings.c:214  debug_display_settings           [  24.88017] color: 32 (rgba 8880), depth: 24, stencil: 0, acc: 0000, samples: 0/0
display  D   display_settings.c:529  _al_score_display_settings       [  24.88025] Score is : 769
display  D   display_settings.c:214  debug_display_settings           [  24.88030] color: 32 (rgba 8880), depth: 24, stencil: 0, acc: 0000, samples: 0/0
display  D   display_settings.c:529  _al_score_display_settings       [  24.88039] Score is : 769
display  D   display_settings.c:214  debug_display_settings           [  24.88045] color: 32 (rgba 8880), depth: 16, stencil: 0, acc: 0000, samples: 0/0
display  D   display_settings.c:529  _al_score_display_settings       [  24.88051] Score is : 769
display  D   display_settings.c:214  debug_display_settings           [  24.88055] color: 32 (rgba 8880), depth: 16, stencil: 0, acc: 0000, samples: 0/0
display  D   display_settings.c:529  _al_score_display_settings       [  24.88060] Score is : 769
display  D   display_settings.c:214  debug_display_settings           [  24.88063] color: 16 (rgba 5650), depth: 0, stencil: 0, acc: 0000, samples: 0/0
display  D   display_settings.c:529  _al_score_display_settings       [  24.88068] Score is : 769
display  D   display_settings.c:214  debug_display_settings           [  24.88072] color: 16 (rgba 5650), depth: 0, stencil: 0, acc: 0000, samples: 0/0
display  D   display_settings.c:529  _al_score_display_settings       [  24.88077] Score is : 769
display  D   display_settings.c:214  debug_display_settings           [  24.88081] color: 16 (rgba 5650), depth: 24, stencil: 8, acc: 0000, samples: 0/0
display  D   display_settings.c:529  _al_score_display_settings       [  24.88086] Score is : 769
display  D   display_settings.c:214  debug_display_settings           [  24.88089] color: 16 (rgba 5650), depth: 24, stencil: 8, acc: 0000, samples: 0/0
display  D   display_settings.c:529  _al_score_display_settings       [  24.88094] Score is : 769
display  D   display_settings.c:214  debug_display_settings           [  24.88097] color: 16 (rgba 5650), depth: 24, stencil: 0, acc: 0000, samples: 0/0
display  D   display_settings.c:529  _al_score_display_settings       [  24.88102] Score is : 769
display  D   display_settings.c:214  debug_display_settings           [  24.88105] color: 16 (rgba 5650), depth: 24, stencil: 0, acc: 0000, samples: 0/0
display  D   display_settings.c:529  _al_score_display_settings       [  24.88118] Score is : 769
display  D   display_settings.c:214  debug_display_settings           [  24.88128] color: 16 (rgba 5650), depth: 16, stencil: 0, acc: 0000, samples: 0/0
display  D   display_settings.c:529  _al_score_display_settings       [  24.88137] Score is : 769
display  D   display_settings.c:214  debug_display_settings           [  24.88142] color: 16 (rgba 5650), depth: 16, stencil: 0, acc: 0000, samples: 0/0
display  D   display_settings.c:529  _al_score_display_settings       [  24.88149] Score is : 769
display  D   display_settings.c:214  debug_display_settings           [  24.88154] color: 32 (rgba 8880), depth: 0, stencil: 0, acc: 0000, samples: 0/0
display  D   display_settings.c:400  _al_score_display_settings       [  24.88162] Single Buffer requirement not met.
display  D   display_settings.c:214  debug_display_settings           [  24.88167] color: 32 (rgba 8880), depth: 0, stencil: 0, acc: 0000, samples: 0/0
display  D   display_settings.c:400  _al_score_display_settings       [  24.88178] Single Buffer requirement not met.
display  D   display_settings.c:214  debug_display_settings           [  24.88184] color: 32 (rgba 8880), depth: 24, stencil: 8, acc: 0000, samples: 0/0
display  D   display_settings.c:400  _al_score_display_settings       [  24.88190] Single Buffer requirement not met.
display  D   display_settings.c:214  debug_display_settings           [  24.88195] color: 32 (rgba 8880), depth: 24, stencil: 8, acc: 0000, samples: 0/0
display  D   display_settings.c:400  _al_score_display_settings       [  24.88200] Single Buffer requirement not met.
display  D   display_settings.c:214  debug_display_settings           [  24.88204] color: 32 (rgba 8880), depth: 24, stencil: 0, acc: 0000, samples: 0/0
display  D   display_settings.c:400  _al_score_display_settings       [  24.88209] Single Buffer requirement not met.
display  D   display_settings.c:214  debug_display_settings           [  24.88212] color: 32 (rgba 8880), depth: 24, stencil: 0, acc: 0000, samples: 0/0
display  D   display_settings.c:400  _al_score_display_settings       [  24.88217] Single Buffer requirement not met.
display  D   display_settings.c:214  debug_display_settings           [  24.88220] color: 32 (rgba 8880), depth: 16, stencil: 0, acc: 0000, samples: 0/0
display  D   display_settings.c:400  _al_score_display_settings       [  24.88225] Single Buffer requirement not met.
display  D   display_settings.c:214  debug_display_settings           [  24.88228] color: 32 (rgba 8880), depth: 16, stencil: 0, acc: 0000, samples: 0/0
display  D   display_settings.c:400  _al_score_display_settings       [  24.88232] Single Buffer requirement not met.
display  D   display_settings.c:214  debug_display_settings           [  24.88235] color: 16 (rgba 5650), depth: 0, stencil: 0, acc: 0000, samples: 0/0
display  D   display_settings.c:400  _al_score_display_settings       [  24.88240] Single Buffer requirement not met.
display  D   display_settings.c:214  debug_display_settings           [  24.88243] color: 16 (rgba 5650), depth: 0, stencil: 0, acc: 0000, samples: 0/0
display  D   display_settings.c:400  _al_score_display_settings       [  24.88247] Single Buffer requirement not met.
display  D   display_settings.c:214  debug_display_settings           [  24.88250] color: 16 (rgba 5650), depth: 24, stencil: 8, acc: 0000, samples: 0/0
display  D   display_settings.c:400  _al_score_display_settings       [  24.88254] Single Buffer requirement not met.
display  D   display_settings.c:214  debug_display_settings           [  24.88257] color: 16 (rgba 5650), depth: 24, stencil: 8, acc: 0000, samples: 0/0
display  D   display_settings.c:400  _al_score_display_settings       [  24.88261] Single Buffer requirement not met.
display  D   display_settings.c:214  debug_display_settings           [  24.88264] color: 16 (rgba 5650), depth: 24, stencil: 0, acc: 0000, samples: 0/0
display  D   display_settings.c:400  _al_score_display_settings       [  24.88269] Single Buffer requirement not met.
display  D   display_settings.c:214  debug_display_settings           [  24.88273] color: 16 (rgba 5650), depth: 24, stencil: 0, acc: 0000, samples: 0/0
display  D   display_settings.c:400  _al_score_display_settings       [  24.88277] Single Buffer requirement not met.
display  D   display_settings.c:214  debug_display_settings           [  24.88280] color: 16 (rgba 5650), depth: 16, stencil: 0, acc: 0000, samples: 0/0
display  D   display_settings.c:400  _al_score_display_settings       [  24.88284] Single Buffer requirement not met.
display  D   display_settings.c:214  debug_display_settings           [  24.88287] color: 16 (rgba 5650), depth: 16, stencil: 0, acc: 0000, samples: 0/0
display  D   display_settings.c:400  _al_score_display_settings       [  24.88291] Single Buffer requirement not met.
d3d      D         d3d_disp.cpp:1677 d3d_create_display_internals     [  24.88296] Trying format 0.
d3d      I         d3d_disp.cpp:1353 d3d_display_thread_proc          [  24.88345] Chose a display format: 23
d3d      I         d3d_disp.cpp:1422 d3d_display_thread_proc          [  24.88352] Normal window.
d3d      I         d3d_disp.cpp:786  d3d_create_device                [  24.92120] Using no depth stencil buffer
d3d      D         d3d_disp.cpp:848  d3d_create_device                [  24.93913] BeginScene succeeded in create_device
d3d      D         d3d_disp.cpp:856  d3d_create_device                [  24.93927] Success
d3d      D         d3d_disp.cpp:1703 d3d_create_display_internals     [  24.93936] Resumed after wait.
d3d      I         d3d_disp.cpp:1736 d3d_create_display_internals     [  24.93947] Format 0 succeeded.
d3d      D         d3d_disp.cpp:1767 d3d_create_display_internals     [  24.93953] Returning d3d_display: 0000029ED031D5A0
d3d      D         d3d_disp.cpp:1792 d3d_create_display_locked        [  24.93957] al_display=0000029ED031D5A0
d3d      D         d3d_disp.cpp:1793 d3d_create_display_locked        [  24.93961] al_display->vt=0000029ECE87F820
system   D            wsystem.c:836  maybe_parent_dir                 [  24.94003] Also searching C:\Users\silva\source\repos\PI---Grupo-Austr-lia\PI---Grupo-Austr-lia\PI---Grupo-Austr-lia\PI-ALLEGRO\x64\
system   W            wsystem.c:896  _al_win_safe_load_library        [  24.94122] PathFindOnPath failed to find d3dx9_43.dll
system   D            wsystem.c:836  maybe_parent_dir                 [  24.94146] Also searching C:\Users\silva\source\repos\PI---Grupo-Austr-lia\PI---Grupo-Austr-lia\PI---Grupo-Austr-lia\PI-ALLEGRO\x64\
system   W            wsystem.c:896  _al_win_safe_load_library        [  24.94235] PathFindOnPath failed to find d3dx9_42.dll
system   D            wsystem.c:836  maybe_parent_dir                 [  24.94260] Also searching C:\Users\silva\source\repos\PI---Grupo-Austr-lia\PI---Grupo-Austr-lia\PI---Grupo-Austr-lia\PI-ALLEGRO\x64\
system   W            wsystem.c:896  _al_win_safe_load_library        [  24.94330] PathFindOnPath failed to find d3dx9_41.dll
system   D            wsystem.c:836  maybe_parent_dir                 [  24.94353] Also searching C:\Users\silva\source\repos\PI---Grupo-Austr-lia\PI---Grupo-Austr-lia\PI---Grupo-Austr-lia\PI-ALLEGRO\x64\
system   W            wsystem.c:896  _al_win_safe_load_library        [  24.94416] PathFindOnPath failed to find d3dx9_40.dll
system   D            wsystem.c:836  maybe_parent_dir                 [  24.94432] Also searching C:\Users\silva\source\repos\PI---Grupo-Austr-lia\PI---Grupo-Austr-lia\PI---Grupo-Austr-lia\PI-ALLEGRO\x64\
system   W            wsystem.c:896  _al_win_safe_load_library        [  24.94490] PathFindOnPath failed to find d3dx9_39.dll
system   D            wsystem.c:836  maybe_parent_dir                 [  24.94508] Also searching C:\Users\silva\source\repos\PI---Grupo-Austr-lia\PI---Grupo-Austr-lia\PI---Grupo-Austr-lia\PI-ALLEGRO\x64\
system   W            wsystem.c:896  _al_win_safe_load_library        [  24.94559] PathFindOnPath failed to find d3dx9_38.dll
system   D            wsystem.c:836  maybe_parent_dir                 [  24.94582] Also searching C:\Users\silva\source\repos\PI---Grupo-Austr-lia\PI---Grupo-Austr-lia\PI---Grupo-Austr-lia\PI-ALLEGRO\x64\
system   W            wsystem.c:896  _al_win_safe_load_library        [  24.94635] PathFindOnPath failed to find d3dx9_37.dll
system   D            wsystem.c:836  maybe_parent_dir                 [  24.94651] Also searching C:\Users\silva\source\repos\PI---Grupo-Austr-lia\PI---Grupo-Austr-lia\PI---Grupo-Austr-lia\PI-ALLEGRO\x64\
system   W            wsystem.c:896  _al_win_safe_load_library        [  24.94698] PathFindOnPath failed to find d3dx9_36.dll
system   D            wsystem.c:836  maybe_parent_dir                 [  24.94745] Also searching C:\Users\silva\source\repos\PI---Grupo-Austr-lia\PI---Grupo-Austr-lia\PI---Grupo-Austr-lia\PI-ALLEGRO\x64\
system   W            wsystem.c:896  _al_win_safe_load_library        [  24.94793] PathFindOnPath failed to find d3dx9_35.dll
system   D            wsystem.c:836  maybe_parent_dir                 [  24.94810] Also searching C:\Users\silva\source\repos\PI---Grupo-Austr-lia\PI---Grupo-Austr-lia\PI---Grupo-Austr-lia\PI-ALLEGRO\x64\
system   W            wsystem.c:896  _al_win_safe_load_library        [  24.94864] PathFindOnPath failed to find d3dx9_34.dll
system   D            wsystem.c:836  maybe_parent_dir                 [  24.94881] Also searching C:\Users\silva\source\repos\PI---Grupo-Austr-lia\PI---Grupo-Austr-lia\PI---Grupo-Austr-lia\PI-ALLEGRO\x64\
system   W            wsystem.c:896  _al_win_safe_load_library        [  24.94935] PathFindOnPath failed to find d3dx9_33.dll
system   D            wsystem.c:836  maybe_parent_dir                 [  24.94952] Also searching C:\Users\silva\source\repos\PI---Grupo-Austr-lia\PI---Grupo-Austr-lia\PI---Grupo-Austr-lia\PI-ALLEGRO\x64\
system   W            wsystem.c:896  _al_win_safe_load_library        [  24.95000] PathFindOnPath failed to find d3dx9_32.dll
system   D            wsystem.c:836  maybe_parent_dir                 [  24.95017] Also searching C:\Users\silva\source\repos\PI---Grupo-Austr-lia\PI---Grupo-Austr-lia\PI---Grupo-Austr-lia\PI-ALLEGRO\x64\
system   W            wsystem.c:896  _al_win_safe_load_library        [  24.95062] PathFindOnPath failed to find d3dx9_31.dll
system   D            wsystem.c:836  maybe_parent_dir                 [  24.95079] Also searching C:\Users\silva\source\repos\PI---Grupo-Austr-lia\PI---Grupo-Austr-lia\PI---Grupo-Austr-lia\PI-ALLEGRO\x64\
system   W            wsystem.c:896  _al_win_safe_load_library        [  24.95168] PathFindOnPath failed to find d3dx9_30.dll
system   D            wsystem.c:836  maybe_parent_dir                 [  24.95187] Also searching C:\Users\silva\source\repos\PI---Grupo-Austr-lia\PI---Grupo-Austr-lia\PI---Grupo-Austr-lia\PI-ALLEGRO\x64\
system   W            wsystem.c:896  _al_win_safe_load_library        [  24.95248] PathFindOnPath failed to find d3dx9_29.dll
system   D            wsystem.c:836  maybe_parent_dir                 [  24.95269] Also searching C:\Users\silva\source\repos\PI---Grupo-Austr-lia\PI---Grupo-Austr-lia\PI---Grupo-Austr-lia\PI-ALLEGRO\x64\
system   W            wsystem.c:896  _al_win_safe_load_library        [  24.95317] PathFindOnPath failed to find d3dx9_28.dll
system   D            wsystem.c:836  maybe_parent_dir                 [  24.95333] Also searching C:\Users\silva\source\repos\PI---Grupo-Austr-lia\PI---Grupo-Austr-lia\PI---Grupo-Austr-lia\PI-ALLEGRO\x64\
system   W            wsystem.c:896  _al_win_safe_load_library        [  24.95386] PathFindOnPath failed to find d3dx9_27.dll
system   D            wsystem.c:836  maybe_parent_dir                 [  24.95403] Also searching C:\Users\silva\source\repos\PI---Grupo-Austr-lia\PI---Grupo-Austr-lia\PI---Grupo-Austr-lia\PI-ALLEGRO\x64\
system   W            wsystem.c:896  _al_win_safe_load_library        [  24.95461] PathFindOnPath failed to find d3dx9_26.dll
system   D            wsystem.c:836  maybe_parent_dir                 [  24.95486] Also searching C:\Users\silva\source\repos\PI---Grupo-Austr-lia\PI---Grupo-Austr-lia\PI---Grupo-Austr-lia\PI-ALLEGRO\x64\
system   W            wsystem.c:896  _al_win_safe_load_library        [  24.95546] PathFindOnPath failed to find d3dx9_25.dll
system   D            wsystem.c:836  maybe_parent_dir                 [  24.95562] Also searching C:\Users\silva\source\repos\PI---Grupo-Austr-lia\PI---Grupo-Austr-lia\PI---Grupo-Austr-lia\PI-ALLEGRO\x64\
system   W            wsystem.c:896  _al_win_safe_load_library        [  24.95609] PathFindOnPath failed to find d3dx9_24.dll
d3dx9    E        d3d_d3dx9.cpp:121  _al_load_d3dx9_module            [  24.95615] Failed to load D3DX9 library. Library is not installed.
stdio    D         file_stdio.c:107  file_stdio_fopen                 [  24.95997] opening ./font.ttf rb
font     D                ttf.c:971  al_load_ttf_font_stretch_f       [  24.96078] Font ./font.ttf loaded with pixel size 0 x 60.
font     D                ttf.c:973  al_load_ttf_font_stretch_f       [  24.96087]     ascent=60.0, descent=-15.0, height=80.0
dtor     D               dtor.c:196  _al_register_destructor          [  24.96095] added dtor for ttf_font 0000029ED84259A0, func 00007FFA5BCE128F
dtor     D               dtor.c:196  _al_register_destructor          [  24.96101] added dtor for timer 0000029ED83FE4D0, func 00007FFA36C11050
stdio    D         file_stdio.c:107  file_stdio_fopen                 [  24.96108] opening ./walkright.png rb
stdio    D         file_stdio.c:107  file_stdio_fopen                 [  24.96186] opening ./walkright.png rb
d3d      D         d3d_disp.cpp:1197 real_choose_bitmap_format        [  24.96222] Fake format
d3d      D         d3d_disp.cpp:1197 real_choose_bitmap_format        [  24.96228] Fake format
d3d      D         d3d_disp.cpp:1197 real_choose_bitmap_format        [  24.96232] Fake format
d3d      D         d3d_disp.cpp:1197 real_choose_bitmap_format        [  24.96236] Fake format
d3d      D         d3d_disp.cpp:1197 real_choose_bitmap_format        [  24.96241] Fake format
d3d      D         d3d_disp.cpp:1197 real_choose_bitmap_format        [  24.96245] Fake format
d3d      D         d3d_disp.cpp:1197 real_choose_bitmap_format        [  24.96249] Fake format
d3d      D         d3d_disp.cpp:1197 real_choose_bitmap_format        [  24.96253] Fake format
d3d      D         d3d_disp.cpp:1197 real_choose_bitmap_format        [  24.96257] Fake format
d3d      D         d3d_disp.cpp:1205 real_choose_bitmap_format        [  24.96261] Alpha doesn't match
d3d      D         d3d_disp.cpp:1212 real_choose_bitmap_format        [  24.96266] Adapter format is 23
d3d      D         d3d_disp.cpp:1215 real_choose_bitmap_format        [  24.96270] Found a format
d3d      I         d3d_disp.cpp:2386 d3d_create_bitmap                [  24.96275] Chose bitmap format 9
dtor     D               dtor.c:196  _al_register_destructor          [  24.96367] added dtor for bitmap 0000029ED855A490, func 00007FFA36C1118B
stdio    D         file_stdio.c:107  file_stdio_fopen                 [  24.98058] opening ./walkleft.png rb
stdio    D         file_stdio.c:107  file_stdio_fopen                 [  24.98198] opening ./walkleft.png rb
d3d      D         d3d_disp.cpp:1197 real_choose_bitmap_format        [  24.98236] Fake format
d3d      D         d3d_disp.cpp:1197 real_choose_bitmap_format        [  24.98241] Fake format
d3d      D         d3d_disp.cpp:1197 real_choose_bitmap_format        [  24.98255] Fake format
d3d      D         d3d_disp.cpp:1197 real_choose_bitmap_format        [  24.98261] Fake format
d3d      D         d3d_disp.cpp:1197 real_choose_bitmap_format        [  24.98265] Fake format
d3d      D         d3d_disp.cpp:1197 real_choose_bitmap_format        [  24.98271] Fake format
d3d      D         d3d_disp.cpp:1197 real_choose_bitmap_format        [  24.98295] Fake format
d3d      D         d3d_disp.cpp:1197 real_choose_bitmap_format        [  24.98300] Fake format
d3d      D         d3d_disp.cpp:1197 real_choose_bitmap_format        [  24.98303] Fake format
d3d      D         d3d_disp.cpp:1205 real_choose_bitmap_format        [  24.98308] Alpha doesn't match
d3d      D         d3d_disp.cpp:1212 real_choose_bitmap_format        [  24.98312] Adapter format is 23
d3d      D         d3d_disp.cpp:1215 real_choose_bitmap_format        [  24.98316] Found a format
d3d      I         d3d_disp.cpp:2386 d3d_create_bitmap                [  24.98319] Chose bitmap format 9
dtor     D               dtor.c:196  _al_register_destructor          [  24.98401] added dtor for bitmap 0000029ED855AE40, func 00007FFA36C1118B
stdio    D         file_stdio.c:107  file_stdio_fopen                 [  24.99420] opening ./backgroundfloresta.jpeg rb
stdio    D         file_stdio.c:107  file_stdio_fopen                 [  24.99543] opening ./backgroundfloresta.jpeg rb
d3d      D         d3d_disp.cpp:1197 real_choose_bitmap_format        [  24.99575] Fake format
d3d      D         d3d_disp.cpp:1197 real_choose_bitmap_format        [  24.99579] Fake format
d3d      D         d3d_disp.cpp:1197 real_choose_bitmap_format        [  24.99581] Fake format
d3d      D         d3d_disp.cpp:1197 real_choose_bitmap_format        [  24.99584] Fake format
d3d      D         d3d_disp.cpp:1197 real_choose_bitmap_format        [  24.99586] Fake format
d3d      D         d3d_disp.cpp:1197 real_choose_bitmap_format        [  24.99588] Fake format
d3d      D         d3d_disp.cpp:1197 real_choose_bitmap_format        [  24.99590] Fake format
d3d      D         d3d_disp.cpp:1197 real_choose_bitmap_format        [  24.99592] Fake format
d3d      D         d3d_disp.cpp:1197 real_choose_bitmap_format        [  24.99594] Fake format
d3d      D         d3d_disp.cpp:1205 real_choose_bitmap_format        [  24.99596] Alpha doesn't match
d3d      D         d3d_disp.cpp:1212 real_choose_bitmap_format        [  24.99598] Adapter format is 23
d3d      D         d3d_disp.cpp:1215 real_choose_bitmap_format        [  24.99601] Found a format
d3d      I         d3d_disp.cpp:2386 d3d_create_bitmap                [  24.99603] Chose bitmap format 9
dtor     D               dtor.c:196  _al_register_destructor          [  24.99719] added dtor for bitmap 0000029ED855B030, func 00007FFA36C1118B
stdio    D         file_stdio.c:107  file_stdio_fopen                 [  25.01786] opening ./jump.png rb
stdio    D         file_stdio.c:107  file_stdio_fopen                 [  25.01892] opening ./jump.png rb
d3d      D         d3d_disp.cpp:1197 real_choose_bitmap_format        [  25.01917] Fake format
d3d      D         d3d_disp.cpp:1197 real_choose_bitmap_format        [  25.01921] Fake format
d3d      D         d3d_disp.cpp:1197 real_choose_bitmap_format        [  25.01923] Fake format
d3d      D         d3d_disp.cpp:1197 real_choose_bitmap_format        [  25.01925] Fake format
d3d      D         d3d_disp.cpp:1197 real_choose_bitmap_format        [  25.01928] Fake format
d3d      D         d3d_disp.cpp:1197 real_choose_bitmap_format        [  25.01930] Fake format
d3d      D         d3d_disp.cpp:1197 real_choose_bitmap_format        [  25.01932] Fake format
d3d      D         d3d_disp.cpp:1197 real_choose_bitmap_format        [  25.01934] Fake format
d3d      D         d3d_disp.cpp:1197 real_choose_bitmap_format        [  25.01936] Fake format
d3d      D         d3d_disp.cpp:1205 real_choose_bitmap_format        [  25.01938] Alpha doesn't match
d3d      D         d3d_disp.cpp:1212 real_choose_bitmap_format        [  25.01941] Adapter format is 23
d3d      D         d3d_disp.cpp:1215 real_choose_bitmap_format        [  25.01943] Found a format
d3d      I         d3d_disp.cpp:2386 d3d_create_bitmap                [  25.01946] Chose bitmap format 9
dtor     D               dtor.c:196  _al_register_destructor          [  25.02004] added dtor for bitmap 0000029ED855AC50, func 00007FFA36C1118B
stdio    D         file_stdio.c:107  file_stdio_fopen                 [  25.03153] opening ./idle.png rb
stdio    D         file_stdio.c:107  file_stdio_fopen                 [  25.03235] opening ./idle.png rb
d3d      D         d3d_disp.cpp:1197 real_choose_bitmap_format        [  25.03282] Fake format
d3d      D         d3d_disp.cpp:1197 real_choose_bitmap_format        [  25.03289] Fake format
d3d      D         d3d_disp.cpp:1197 real_choose_bitmap_format        [  25.03292] Fake format
d3d      D         d3d_disp.cpp:1197 real_choose_bitmap_format        [  25.03296] Fake format
d3d      D         d3d_disp.cpp:1197 real_choose_bitmap_format        [  25.03299] Fake format
d3d      D         d3d_disp.cpp:1197 real_choose_bitmap_format        [  25.03302] Fake format
d3d      D         d3d_disp.cpp:1197 real_choose_bitmap_format        [  25.03306] Fake format
d3d      D         d3d_disp.cpp:1197 real_choose_bitmap_format        [  25.03309] Fake format
d3d      D         d3d_disp.cpp:1197 real_choose_bitmap_format        [  25.03312] Fake format
d3d      D         d3d_disp.cpp:1205 real_choose_bitmap_format        [  25.03316] Alpha doesn't match
d3d      D         d3d_disp.cpp:1212 real_choose_bitmap_format        [  25.03325] Adapter format is 23
d3d      D         d3d_disp.cpp:1215 real_choose_bitmap_format        [  25.03330] Found a format
d3d      I         d3d_disp.cpp:2386 d3d_create_bitmap                [  25.03333] Chose bitmap format 9
dtor     D               dtor.c:196  _al_register_destructor          [  25.03418] added dtor for bitmap 0000029ED855A2A0, func 00007FFA36C1118B
stdio    D         file_stdio.c:107  file_stdio_fopen                 [  25.04244] opening ./shot_1.png rb
stdio    D         file_stdio.c:107  file_stdio_fopen                 [  25.04813] opening ./shot_1.png rb
d3d      D         d3d_disp.cpp:1197 real_choose_bitmap_format        [  25.04851] Fake format
d3d      D         d3d_disp.cpp:1197 real_choose_bitmap_format        [  25.04857] Fake format
d3d      D         d3d_disp.cpp:1197 real_choose_bitmap_format        [  25.04860] Fake format
d3d      D         d3d_disp.cpp:1197 real_choose_bitmap_format        [  25.04862] Fake format
d3d      D         d3d_disp.cpp:1197 real_choose_bitmap_format        [  25.04866] Fake format
d3d      D         d3d_disp.cpp:1197 real_choose_bitmap_format        [  25.04868] Fake format
d3d      D         d3d_disp.cpp:1197 real_choose_bitmap_format        [  25.04871] Fake format
d3d      D         d3d_disp.cpp:1197 real_choose_bitmap_format        [  25.04873] Fake format
d3d      D         d3d_disp.cpp:1197 real_choose_bitmap_format        [  25.04875] Fake format
d3d      D         d3d_disp.cpp:1205 real_choose_bitmap_format        [  25.04878] Alpha doesn't match
d3d      D         d3d_disp.cpp:1212 real_choose_bitmap_format        [  25.04882] Adapter format is 23
d3d      D         d3d_disp.cpp:1215 real_choose_bitmap_format        [  25.04885] Found a format
d3d      I         d3d_disp.cpp:2386 d3d_create_bitmap                [  25.04888] Chose bitmap format 9
dtor     D               dtor.c:196  _al_register_destructor          [  25.04940] added dtor for bitmap 0000029ED855A680, func 00007FFA36C1118B
stdio    D         file_stdio.c:107  file_stdio_fopen                 [  25.05464] opening ./wood_spike.png rb
stdio    D         file_stdio.c:107  file_stdio_fopen                 [  25.05531] opening ./wood_spike.png rb
d3d      D         d3d_disp.cpp:1197 real_choose_bitmap_format        [  25.05561] Fake format
d3d      D         d3d_disp.cpp:1197 real_choose_bitmap_format        [  25.05566] Fake format
d3d      D         d3d_disp.cpp:1197 real_choose_bitmap_format        [  25.05569] Fake format
d3d      D         d3d_disp.cpp:1197 real_choose_bitmap_format        [  25.05571] Fake format
d3d      D         d3d_disp.cpp:1197 real_choose_bitmap_format        [  25.05573] Fake format
d3d      D         d3d_disp.cpp:1197 real_choose_bitmap_format        [  25.05575] Fake format
d3d      D         d3d_disp.cpp:1197 real_choose_bitmap_format        [  25.05577] Fake format
d3d      D         d3d_disp.cpp:1197 real_choose_bitmap_format        [  25.05581] Fake format
d3d      D         d3d_disp.cpp:1197 real_choose_bitmap_format        [  25.05583] Fake format
d3d      D         d3d_disp.cpp:1205 real_choose_bitmap_format        [  25.05587] Alpha doesn't match
d3d      D         d3d_disp.cpp:1212 real_choose_bitmap_format        [  25.05590] Adapter format is 23
d3d      D         d3d_disp.cpp:1215 real_choose_bitmap_format        [  25.05592] Found a format
d3d      I         d3d_disp.cpp:2386 d3d_create_bitmap                [  25.05594] Chose bitmap format 9
dtor     D               dtor.c:196  _al_register_destructor          [  25.05614] added dtor for bitmap 0000029ED855AA60, func 00007FFA36C1118B
stdio    D         file_stdio.c:107  file_stdio_fopen                 [  25.05702] opening ./metralhadora.mp3 rb
stdio    D         file_stdio.c:107  file_stdio_fopen                 [  25.05791] opening ./metralhadora.mp3 rb
wav      E                wav.c:121  wav_open                         [  25.05810] Bad RIFF type.
dtor     D               dtor.c:196  _al_register_destructor          [  25.05850] added dtor for sample 0000029ED8604900, func 00007FFA509B1519
dtor     D               dtor.c:196  _al_register_destructor          [  25.05990] added dtor for queue 0000029ED842A0A0, func 00007FFA36C11C49
d3d      D          d3d_bmp.cpp:539  _al_d3d_sync_bitmap              [  25.07710] _al_d3d_sync_bitmap (system) ref count == 1
d3d      D          d3d_bmp.cpp:545  _al_d3d_sync_bitmap              [  25.07734] _al_d3d_sync_bitmap (video) ref count == 1
d3d      D          d3d_bmp.cpp:539  _al_d3d_sync_bitmap              [  25.08217] _al_d3d_sync_bitmap (system) ref count == 1
d3d      D          d3d_bmp.cpp:545  _al_d3d_sync_bitmap              [  25.08231] _al_d3d_sync_bitmap (video) ref count == 1
d3d      D          d3d_bmp.cpp:539  _al_d3d_sync_bitmap              [  25.08816] _al_d3d_sync_bitmap (system) ref count == 1
d3d      D          d3d_bmp.cpp:545  _al_d3d_sync_bitmap              [  25.08830] _al_d3d_sync_bitmap (video) ref count == 1
d3d      D          d3d_bmp.cpp:539  _al_d3d_sync_bitmap              [  25.09233] _al_d3d_sync_bitmap (system) ref count == 1
d3d      D          d3d_bmp.cpp:545  _al_d3d_sync_bitmap              [  25.09245] _al_d3d_sync_bitmap (video) ref count == 1
d3d      D          d3d_bmp.cpp:539  _al_d3d_sync_bitmap              [  25.09536] _al_d3d_sync_bitmap (system) ref count == 1
d3d      D          d3d_bmp.cpp:545  _al_d3d_sync_bitmap              [  25.09548] _al_d3d_sync_bitmap (video) ref count == 1
d3d      D          d3d_bmp.cpp:539  _al_d3d_sync_bitmap              [  25.09906] _al_d3d_sync_bitmap (system) ref count == 1
d3d      D          d3d_bmp.cpp:545  _al_d3d_sync_bitmap              [  25.09925] _al_d3d_sync_bitmap (video) ref count == 1
d3d      D          d3d_bmp.cpp:539  _al_d3d_sync_bitmap              [  25.10284] _al_d3d_sync_bitmap (system) ref count == 1
d3d      D          d3d_bmp.cpp:545  _al_d3d_sync_bitmap              [  25.10298] _al_d3d_sync_bitmap (video) ref count == 1
dtor     D               dtor.c:227  _al_unregister_destructor        [  60.46529] removed dtor for bitmap 0000029ED855B030
dtor     D               dtor.c:227  _al_unregister_destructor        [  60.46791] removed dtor for bitmap 0000029ED855A2A0
dtor     D               dtor.c:227  _al_unregister_destructor        [  60.46876] removed dtor for bitmap 0000029ED855A680
dtor     D               dtor.c:227  _al_unregister_destructor        [  60.46926] removed dtor for bitmap 0000029ED855A490
dtor     D               dtor.c:227  _al_unregister_destructor        [  60.46998] removed dtor for bitmap 0000029ED855AE40
dtor     D               dtor.c:227  _al_unregister_destructor        [  60.47074] removed dtor for bitmap 0000029ED855AC50
dtor     D               dtor.c:227  _al_unregister_destructor        [  60.47351] removed dtor for sample 0000029ED8604900
dtor     D               dtor.c:227  _al_unregister_destructor        [  60.47382] removed dtor for ttf_font 0000029ED84259A0
d3d      I         d3d_disp.cpp:910  d3d_destroy_display              [  60.47410] destroying display 0000029ED031D5A0 (current 0000000000000000)
bitmap   D        bitmap_type.c:308  _al_convert_to_memory_bitmap     [  60.47779] converting display bitmap 0000029ED855AA60 to memory bitmap
dtor     D               dtor.c:196  _al_register_destructor          [  60.47847] added dtor for bitmap 0000029ED855A680, func 00007FFA36C1118B
d3d      D          d3d_bmp.cpp:539  _al_d3d_sync_bitmap              [  60.47859] _al_d3d_sync_bitmap (system) ref count == 1
d3d      D          d3d_bmp.cpp:545  _al_d3d_sync_bitmap              [  60.47863] _al_d3d_sync_bitmap (video) ref count == 1
dtor     D               dtor.c:227  _al_unregister_destructor        [  60.47923] removed dtor for bitmap 0000029ED855A680
d3d      D         d3d_disp.cpp:894  d3d_destroy_display_internals    [  60.47936] waiting for display 0000029ED031D5A0's thread to end
d3d      W         d3d_disp.cpp:603  d3d_destroy_device               [  60.49038] d3d_destroy_device: ref count not 0
d3d      I         d3d_disp.cpp:1557 d3d_display_thread_proc          [  60.50237] d3d display thread exits
dtor     D               dtor.c:227  _al_unregister_destructor        [  60.50282] removed dtor for queue 0000029ED842A0A0
